[0.039s] Invoking command in '/home/danendra/Kuliah/SRO/colcon_ws/build/routine': CMAKE_PREFIX_PATH=${CMAKE_PREFIX_PATH}:/opt/ros/foxy /usr/bin/cmake --build /home/danendra/Kuliah/SRO/colcon_ws/build/routine -- -j8 -l8
[0.108s] [35m[1mScanning dependencies of target routine[0m
[0.150s] [ 50%] [32mBuilding CXX object CMakeFiles/routine.dir/src/routine.cpp.o[0m
[1.701s] [01m[K/home/danendra/Kuliah/SRO/colcon_ws/src/routine/src/routine.cpp:[m[K In function â€˜[01m[Kfloat CllbkDataSensor(const SharedPtr*)[m[Kâ€™:
[1.701s] [01m[K/home/danendra/Kuliah/SRO/colcon_ws/src/routine/src/routine.cpp:21:14:[m[K [01;35m[Kwarning: [m[Kformat â€˜[01m[K%f[m[Kâ€™ expects argument of type â€˜[01m[Kdouble[m[Kâ€™, but argument 2 has type â€˜[01m[Kconst SharedPtr*[m[Kâ€™ {aka â€˜[01m[Kconst std::shared_ptr<std_msgs::msg::Float32_<std::allocator<void> > >*[m[Kâ€™} [[01;35m[K-Wformat=[m[K]
[1.701s]    21 |     printf("[01;35m[K%f[m[K", [32m[Kmsg[m[K);
[1.701s]       |             [01;35m[K~^[m[K   [32m[K~~~[m[K
[1.701s]       |              [01;35m[K|[m[K   [32m[K|[m[K
[1.701s]       |              [01;35m[K|[m[K   [32m[Kconst SharedPtr* {aka const std::shared_ptr<std_msgs::msg::Float32_<std::allocator<void> > >*}[m[K
[1.702s]       |              [01;35m[Kdouble[m[K
[1.702s] [01m[K/home/danendra/Kuliah/SRO/colcon_ws/src/routine/src/routine.cpp:22:1:[m[K [01;35m[Kwarning: [m[Kno return statement in function returning non-void [[01;35m[K-Wreturn-type[m[K]
[1.702s]    22 | [01;35m[K}[m[K
[1.702s]       | [01;35m[K^[m[K
[1.708s] [01m[K/home/danendra/Kuliah/SRO/colcon_ws/src/routine/src/routine.cpp:[m[K In function â€˜[01m[Kint main(int, char**)[m[Kâ€™:
[1.708s] [01m[K/home/danendra/Kuliah/SRO/colcon_ws/src/routine/src/routine.cpp:53:116:[m[K [01;31m[Kerror: [m[Kno matching function for call to â€˜[01m[Krclcpp::Node::create_subscription<std_msgs::msg::Float32>(const char [13], int, <unresolved overloaded function type>)[m[Kâ€™
[1.708s]    53 |     auto sub_sensor_data = routine->create_subscription<std_msgs::msg::Float32>("/sensor_data", 10, CllbkDataSensor[01;31m[K)[m[K;
[1.708s]       |                                                                                                                    [01;31m[K^[m[K
[1.708s] In file included from [01m[K/opt/ros/foxy/include/rclcpp/executors/single_threaded_executor.hpp:28[m[K,
[1.708s]                  from [01m[K/opt/ros/foxy/include/rclcpp/executors.hpp:22[m[K,
[1.709s]                  from [01m[K/opt/ros/foxy/include/rclcpp/rclcpp.hpp:146[m[K,
[1.709s]                  from [01m[K/home/danendra/Kuliah/SRO/colcon_ws/src/routine/src/routine.cpp:1[m[K:
[1.709s] [01m[K/opt/ros/foxy/include/rclcpp/node.hpp:213:3:[m[K [01;36m[Knote: [m[Kcandidate: â€˜[01m[Ktemplate<class MessageT, class CallbackT, class AllocatorT, class CallbackMessageT, class SubscriptionT, class MessageMemoryStrategyT> std::shared_ptr<SubscriptionT> rclcpp::Node::create_subscription(const string&, const rclcpp::QoS&, CallbackT&&, const rclcpp::SubscriptionOptionsWithAllocator<AllocatorT>&, typename MessageMemoryStrategyT::SharedPtr)[m[Kâ€™
[1.709s]   213 |   [01;36m[Kcreate_subscription[m[K(
[1.709s]       |   [01;36m[K^~~~~~~~~~~~~~~~~~~[m[K
[1.710s] [01m[K/opt/ros/foxy/include/rclcpp/node.hpp:213:3:[m[K [01;36m[Knote: [m[K  template argument deduction/substitution failed:
[1.710s] [01m[K/home/danendra/Kuliah/SRO/colcon_ws/src/routine/src/routine.cpp:53:116:[m[K [01;36m[Knote: [m[K  couldnâ€™t deduce template parameter â€˜[01m[KCallbackT[m[Kâ€™
[1.710s]    53 |     auto sub_sensor_data = routine->create_subscription<std_msgs::msg::Float32>("/sensor_data", 10, CllbkDataSensor[01;36m[K)[m[K;
[1.710s]       |                                                                                                                    [01;36m[K^[m[K
[2.699s] make[2]: *** [CMakeFiles/routine.dir/build.make:63: CMakeFiles/routine.dir/src/routine.cpp.o] Error 1
[2.700s] make[1]: *** [CMakeFiles/Makefile2:78: CMakeFiles/routine.dir/all] Error 2
[2.700s] make: *** [Makefile:141: all] Error 2
[2.703s] Invoked command in '/home/danendra/Kuliah/SRO/colcon_ws/build/routine' returned '2': CMAKE_PREFIX_PATH=${CMAKE_PREFIX_PATH}:/opt/ros/foxy /usr/bin/cmake --build /home/danendra/Kuliah/SRO/colcon_ws/build/routine -- -j8 -l8
