[0.092s] Invoking command in '/home/danendra/Kuliah/SRO/colcon_ws/build/routine': CMAKE_PREFIX_PATH=${CMAKE_PREFIX_PATH}:/opt/ros/foxy /usr/bin/cmake --build /home/danendra/Kuliah/SRO/colcon_ws/build/routine -- -j8 -l8
[0.169s] [35m[1mScanning dependencies of target routine[0m
[0.203s] [ 50%] [32mBuilding CXX object CMakeFiles/routine.dir/src/routine.cpp.o[0m
[1.568s] [01m[K/home/danendra/Kuliah/SRO/colcon_ws/src/routine/src/routine.cpp:[m[K In function â€˜[01m[Kint main(int, char**)[m[Kâ€™:
[1.568s] [01m[K/home/danendra/Kuliah/SRO/colcon_ws/src/routine/src/routine.cpp:53:30:[m[K [01;31m[Kerror: [m[Kâ€˜[01m[Kusing Int32 = struct std_msgs::msg::Int32_<std::allocator<void> >[m[Kâ€™ {aka â€˜[01m[Kstruct std_msgs::msg::Int32_<std::allocator<void> >[m[Kâ€™} has no member named â€˜[01m[Kindex[m[Kâ€™
[1.568s]    53 |                     vel_data.[01;31m[Kindex[m[K = 0;
[1.569s]       |                              [01;31m[K^~~~~[m[K
[2.515s] make[2]: *** [CMakeFiles/routine.dir/build.make:63: CMakeFiles/routine.dir/src/routine.cpp.o] Error 1
[2.515s] make[1]: *** [CMakeFiles/Makefile2:78: CMakeFiles/routine.dir/all] Error 2
[2.516s] make: *** [Makefile:141: all] Error 2
[2.519s] Invoked command in '/home/danendra/Kuliah/SRO/colcon_ws/build/routine' returned '2': CMAKE_PREFIX_PATH=${CMAKE_PREFIX_PATH}:/opt/ros/foxy /usr/bin/cmake --build /home/danendra/Kuliah/SRO/colcon_ws/build/routine -- -j8 -l8
