[0.020s] Invoking command in '/home/danendra/Kuliah/SRO/colcon_ws/build/routine': CMAKE_PREFIX_PATH=${CMAKE_PREFIX_PATH}:/opt/ros/foxy /usr/bin/cmake --build /home/danendra/Kuliah/SRO/colcon_ws/build/routine -- -j8 -l8
[0.072s] [35m[1mScanning dependencies of target routine[0m
[0.106s] [ 50%] [32mBuilding CXX object CMakeFiles/routine.dir/src/routine.cpp.o[0m
[1.609s] [01m[K/home/danendra/Kuliah/SRO/colcon_ws/src/routine/src/routine.cpp:[m[K In function â€˜[01m[Kint main(int, char**)[m[Kâ€™:
[1.609s] [01m[K/home/danendra/Kuliah/SRO/colcon_ws/src/routine/src/routine.cpp:90:6:[m[K [01;31m[Kerror: [m[Kno matching function for call to â€˜[01m[Kcreate_timer(rclcpp::Node::SharedPtr&, std::shared_ptr<rclcpp::Clock>&, double, main(int, char**)::<lambda()>)[m[Kâ€™
[1.609s]    90 |     }[01;31m[K)[m[K;
[1.609s]       |      [01;31m[K^[m[K
[1.609s] In file included from [01m[K/opt/ros/foxy/include/rclcpp/node_impl.hpp:41[m[K,
[1.609s]                  from [01m[K/opt/ros/foxy/include/rclcpp/node.hpp:1224[m[K,
[1.609s]                  from [01m[K/opt/ros/foxy/include/rclcpp/executors/single_threaded_executor.hpp:28[m[K,
[1.610s]                  from [01m[K/opt/ros/foxy/include/rclcpp/executors.hpp:22[m[K,
[1.610s]                  from [01m[K/opt/ros/foxy/include/rclcpp/rclcpp.hpp:146[m[K,
[1.610s]                  from [01m[K/home/danendra/Kuliah/SRO/colcon_ws/src/routine/src/routine.cpp:1[m[K:
[1.610s] [01m[K/opt/ros/foxy/include/rclcpp/create_timer.hpp:36:1:[m[K [01;36m[Knote: [m[Kcandidate: â€˜[01m[Ktemplate<class CallbackT> rclcpp::TimerBase::SharedPtr rclcpp::create_timer(std::shared_ptr<rclcpp::node_interfaces::NodeBaseInterface>, std::shared_ptr<rclcpp::node_interfaces::NodeTimersInterface>, rclcpp::Clock::SharedPtr, rclcpp::Duration, CallbackT&&, rclcpp::CallbackGroup::SharedPtr)[m[Kâ€™
[1.610s]    36 | [01;36m[Kcreate_timer[m[K(
[1.610s]       | [01;36m[K^~~~~~~~~~~~[m[K
[1.610s] [01m[K/opt/ros/foxy/include/rclcpp/create_timer.hpp:36:1:[m[K [01;36m[Knote: [m[K  template argument deduction/substitution failed:
[1.610s] [01m[K/home/danendra/Kuliah/SRO/colcon_ws/src/routine/src/routine.cpp:90:6:[m[K [01;36m[Knote: [m[K  candidate expects 6 arguments, 4 provided
[1.610s]    90 |     }[01;36m[K)[m[K;
[1.610s]       |      [01;36m[K^[m[K
[1.610s] In file included from [01m[K/opt/ros/foxy/include/rclcpp/node_impl.hpp:41[m[K,
[1.610s]                  from [01m[K/opt/ros/foxy/include/rclcpp/node.hpp:1224[m[K,
[1.610s]                  from [01m[K/opt/ros/foxy/include/rclcpp/executors/single_threaded_executor.hpp:28[m[K,
[1.611s]                  from [01m[K/opt/ros/foxy/include/rclcpp/executors.hpp:22[m[K,
[1.611s]                  from [01m[K/opt/ros/foxy/include/rclcpp/rclcpp.hpp:146[m[K,
[1.611s]                  from [01m[K/home/danendra/Kuliah/SRO/colcon_ws/src/routine/src/routine.cpp:1[m[K:
[1.611s] [01m[K/opt/ros/foxy/include/rclcpp/create_timer.hpp:57:1:[m[K [01;36m[Knote: [m[Kcandidate: â€˜[01m[Ktemplate<class NodeT, class CallbackT> rclcpp::TimerBase::SharedPtr rclcpp::create_timer(NodeT, rclcpp::Clock::SharedPtr, rclcpp::Duration, CallbackT&&, rclcpp::CallbackGroup::SharedPtr)[m[Kâ€™
[1.611s]    57 | [01;36m[Kcreate_timer[m[K(
[1.611s]       | [01;36m[K^~~~~~~~~~~~[m[K
[1.611s] [01m[K/opt/ros/foxy/include/rclcpp/create_timer.hpp:57:1:[m[K [01;36m[Knote: [m[K  template argument deduction/substitution failed:
[1.611s] [01m[K/home/danendra/Kuliah/SRO/colcon_ws/src/routine/src/routine.cpp:87:60:[m[K [01;36m[Knote: [m[K  cannot convert â€˜[01m[K5.0e-1[m[Kâ€™ (type â€˜[01m[Kdouble[m[Kâ€™) to type â€˜[01m[Krclcpp::Duration[m[Kâ€™
[1.611s]    87 |     auto timer_ = rclcpp::create_timer(routine, ros_clock, [01;36m[K0.5[m[K,
[1.611s]       |                                                            [01;36m[K^~~[m[K
[2.593s] make[2]: *** [CMakeFiles/routine.dir/build.make:63: CMakeFiles/routine.dir/src/routine.cpp.o] Error 1
[2.593s] make[1]: *** [CMakeFiles/Makefile2:78: CMakeFiles/routine.dir/all] Error 2
[2.593s] make: *** [Makefile:141: all] Error 2
[2.596s] Invoked command in '/home/danendra/Kuliah/SRO/colcon_ws/build/routine' returned '2': CMAKE_PREFIX_PATH=${CMAKE_PREFIX_PATH}:/opt/ros/foxy /usr/bin/cmake --build /home/danendra/Kuliah/SRO/colcon_ws/build/routine -- -j8 -l8
