[0.021s] Invoking command in '/home/danendra/Kuliah/SRO/TugasPID/build/routine': CMAKE_PREFIX_PATH=${CMAKE_PREFIX_PATH}:/opt/ros/foxy /usr/bin/cmake --build /home/danendra/Kuliah/SRO/TugasPID/build/routine -- -j8 -l8
[0.084s] [35m[1mScanning dependencies of target routine[0m
[0.120s] [ 50%] [32mBuilding CXX object CMakeFiles/routine.dir/src/routine.cpp.o[0m
[1.455s] [01m[K/home/danendra/Kuliah/SRO/TugasPID/src/routine/src/routine.cpp:[m[K In function â€˜[01m[Kint main(int, char**)[m[Kâ€™:
[1.455s] [01m[K/home/danendra/Kuliah/SRO/TugasPID/src/routine/src/routine.cpp:95:98:[m[K [01;31m[Kerror: [m[Kâ€˜[01m[KSensorData4Callback[m[Kâ€™ was not declared in this scope
[1.455s]    95 |     auto sub_data_4 = routine->create_subscription<std_msgs::msg::Float32>("/sensor_data_4", 10, [01;31m[KSensorData4Callback[m[K);
[1.455s]       |                                                                                                  [01;31m[K^~~~~~~~~~~~~~~~~~~[m[K
[1.458s] [01m[K/home/danendra/Kuliah/SRO/TugasPID/src/routine/src/routine.cpp:96:98:[m[K [01;31m[Kerror: [m[Kâ€˜[01m[KSensorData5Callback[m[Kâ€™ was not declared in this scope
[1.459s]    96 |     auto sub_data_5 = routine->create_subscription<std_msgs::msg::Float32>("/sensor_data_5", 10, [01;31m[KSensorData5Callback[m[K);
[1.459s]       |                                                                                                  [01;31m[K^~~~~~~~~~~~~~~~~~~[m[K
[2.367s] make[2]: *** [CMakeFiles/routine.dir/build.make:63: CMakeFiles/routine.dir/src/routine.cpp.o] Error 1
[2.367s] make[1]: *** [CMakeFiles/Makefile2:78: CMakeFiles/routine.dir/all] Error 2
[2.368s] make: *** [Makefile:141: all] Error 2
[2.372s] Invoked command in '/home/danendra/Kuliah/SRO/TugasPID/build/routine' returned '2': CMAKE_PREFIX_PATH=${CMAKE_PREFIX_PATH}:/opt/ros/foxy /usr/bin/cmake --build /home/danendra/Kuliah/SRO/TugasPID/build/routine -- -j8 -l8
